[debug] [2023-02-15T08:20:47.246Z] ----------------------------------------------------------------------
[debug] [2023-02-15T08:20:47.247Z] Command:       /Users/simon/.nvm/versions/node/v14.18.1/bin/node /Users/simon/.nvm/versions/node/v14.18.1/bin/firebase init
[debug] [2023-02-15T08:20:47.247Z] CLI Version:   11.23.1
[debug] [2023-02-15T08:20:47.247Z] Platform:      darwin
[debug] [2023-02-15T08:20:47.247Z] Node Version:  v14.18.1
[debug] [2023-02-15T08:20:47.248Z] Time:          Wed Feb 15 2023 09:20:47 GMT+0100 (Central European Standard Time)
[debug] [2023-02-15T08:20:47.248Z] ----------------------------------------------------------------------
[debug] 
[debug] [2023-02-15T08:20:47.250Z] > command requires scopes: ["email","openid","https://www.googleapis.com/auth/cloudplatformprojects.readonly","https://www.googleapis.com/auth/firebase","https://www.googleapis.com/auth/cloud-platform"]
[debug] [2023-02-15T08:20:47.250Z] > authorizing via signed-in user (simon.hasak@gmail.com)
[info] 
     ######## #### ########  ######## ########     ###     ######  ########
     ##        ##  ##     ## ##       ##     ##  ##   ##  ##       ##
     ######    ##  ########  ######   ########  #########  ######  ######
     ##        ##  ##    ##  ##       ##     ## ##     ##       ## ##
     ##       #### ##     ## ######## ########  ##     ##  ######  ########

You're about to initialize a Firebase project in this directory:

  /Users/simon/github/design/design-app-12

[info] 
=== Project Setup
[info] 
[info] First, let's associate this project directory with a Firebase project.
[info] You can create multiple project aliases by running firebase use --add, 
[info] but for now we'll just set up a default project.
[info] 
[debug] [2023-02-15T08:21:28.535Z] >>> [apiv2][query] GET https://firebase.googleapis.com/v1beta1/projects pageSize=100
[debug] [2023-02-15T08:21:29.206Z] <<< [apiv2][status] GET https://firebase.googleapis.com/v1beta1/projects 200
[debug] [2023-02-15T08:21:29.206Z] <<< [apiv2][body] GET https://firebase.googleapis.com/v1beta1/projects [omitted]
[info] i  Using project design-ecommerce-53b8b (design-ecommerce) 
[info] 
=== Hosting Setup
[info] 
[info] Your public directory is the folder (relative to your project directory) that
[info] will contain Hosting assets to be uploaded with firebase deploy. If you
[info] have a build process for your assets, use your build's output directory.
[info] 
[debug] [2023-02-15T08:25:11.590Z] >>> [apiv2][query] GET https://www.gstatic.com/firebasejs/releases.json [none]
[debug] [2023-02-15T08:25:11.920Z] <<< [apiv2][status] GET https://www.gstatic.com/firebasejs/releases.json 200
[debug] [2023-02-15T08:25:11.921Z] <<< [apiv2][body] GET https://www.gstatic.com/firebasejs/releases.json {"current":{"version":"9.17.1","browserURL":"https://www.gstatic.com/firebasejs/9.17.1/firebase.js","packageURL":"https://www.gstatic.com/firebasejs/9.17.1/firebase.tgz"},"live":{"version":"9.17","browserURL":"https://www.gstatic.com/firebasejs/live/9.17/firebase.js","packageURL":"https://www.gstatic.com/firebasejs/live/9.17/firebase.tgz"},"components":{"analytics":"https://www.gstatic.com/firebasejs/9.17.1/firebase-analytics.js","app":"https://www.gstatic.com/firebasejs/9.17.1/firebase-app.js","app-check":"https://www.gstatic.com/firebasejs/9.17.1/firebase-app-check.js","auth":"https://www.gstatic.com/firebasejs/9.17.1/firebase-auth.js","auth/cordova":"https://www.gstatic.com/firebasejs/9.17.1/firebase-auth/cordova.js","auth/react-native":"https://www.gstatic.com/firebasejs/9.17.1/firebase-auth/react-native.js","functions":"https://www.gstatic.com/firebasejs/9.17.1/firebase-functions.js","firestore":"https://www.gstatic.com/firebasejs/9.17.1/firebase-firestore.js","firestore/lite":"https://www.gstatic.com/firebasejs/9.17.1/firebase-firestore/lite.js","installations":"https://www.gstatic.com/firebasejs/9.17.1/firebase-installations.js","storage":"https://www.gstatic.com/firebasejs/9.17.1/firebase-storage.js","performance":"https://www.gstatic.com/firebasejs/9.17.1/firebase-performance.js","remote-config":"https://www.gstatic.com/firebasejs/9.17.1/firebase-remote-config.js","messaging":"https://www.gstatic.com/firebasejs/9.17.1/firebase-messaging.js","messaging/sw":"https://www.gstatic.com/firebasejs/9.17.1/firebase-messaging/sw.js","database":"https://www.gstatic.com/firebasejs/9.17.1/firebase-database.js","firestore.memory":"https://www.gstatic.com/firebasejs/9.17.1/firebase-firestore.memory.js"}}
[info] ✔  Wrote public/index.html 
[info] 
[info] i  Detected a .git folder at /Users/simon/github/design/design-app-12 
[info] i  Authorizing with GitHub to upload your service account to a GitHub repository's secrets store. 
[info] 
[info] Visit this URL on this device to log in:
[info] https://github.com/login/oauth/authorize?client_id=89cf50f02ac6aaed3484&state=1058356784&redirect_uri=http%3A%2F%2Flocalhost%3A9005&scope=read%3Auser%20repo%20public_repo
[info] 
[info] Waiting for authentication...
[debug] [2023-02-15T08:26:02.035Z] >>> [apiv2][query] POST https://github.com/login/oauth/access_token [none]
[debug] [2023-02-15T08:26:02.035Z] >>> [apiv2][body] POST https://github.com/login/oauth/access_token [stream]
[debug] [2023-02-15T08:26:02.412Z] <<< [apiv2][status] POST https://github.com/login/oauth/access_token 200
[debug] [2023-02-15T08:26:02.412Z] <<< [apiv2][body] POST https://github.com/login/oauth/access_token {"access_token":"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","token_type":"bearer","scope":"read:user,repo"}
[debug] [2023-02-15T08:26:02.416Z] >>> [apiv2][query] GET https://api.github.com/user [none]
[debug] [2023-02-15T08:26:02.825Z] <<< [apiv2][status] GET https://api.github.com/user 200
[debug] [2023-02-15T08:26:02.826Z] <<< [apiv2][body] GET https://api.github.com/user {"login":"SimonHasak","id":25928579,"node_id":"MDQ6VXNlcjI1OTI4NTc5","avatar_url":"https://avatars.githubusercontent.com/u/25928579?v=4","gravatar_id":"","url":"https://api.github.com/users/SimonHasak","html_url":"https://github.com/SimonHasak","followers_url":"https://api.github.com/users/SimonHasak/followers","following_url":"https://api.github.com/users/SimonHasak/following{/other_user}","gists_url":"https://api.github.com/users/SimonHasak/gists{/gist_id}","starred_url":"https://api.github.com/users/SimonHasak/starred{/owner}{/repo}","subscriptions_url":"https://api.github.com/users/SimonHasak/subscriptions","organizations_url":"https://api.github.com/users/SimonHasak/orgs","repos_url":"https://api.github.com/users/SimonHasak/repos","events_url":"https://api.github.com/users/SimonHasak/events{/privacy}","received_events_url":"https://api.github.com/users/SimonHasak/received_events","type":"User","site_admin":false,"name":null,"company":null,"blog":"","location":null,"email":null,"hireable":null,"bio":null,"twitter_username":null,"public_repos":18,"public_gists":0,"followers":0,"following":0,"created_at":"2017-02-21T12:58:56Z","updated_at":"2023-02-08T15:17:47Z","private_gists":0,"total_private_repos":3,"owned_private_repos":3,"disk_usage":127648,"collaborators":0,"two_factor_authentication":false,"plan":{"name":"free","space":976562499,"collaborators":0,"private_repos":10000}}
[info] 
[info] ✔  Success! Logged into GitHub as SimonHasak 
[info] 
[debug] [2023-02-15T09:25:21.017Z] Error: write EIO
    at afterWriteDispatched (internal/stream_base_commons.js:156:25)
    at writeGeneric (internal/stream_base_commons.js:147:3)
    at WriteStream.Socket._writeGeneric (net.js:798:11)
    at WriteStream.Socket._write (net.js:810:8)
    at writeOrBuffer (internal/streams/writable.js:358:12)
    at WriteStream.Writable.write (internal/streams/writable.js:303:10)
    at MuteStream.ondata (internal/streams/legacy.js:20:31)
    at MuteStream.emit (events.js:400:28)
    at MuteStream.emit (domain.js:475:12)
    at MuteStream.write (/Users/simon/.nvm/versions/node/v14.18.1/lib/node_modules/firebase-tools/node_modules/mute-stream/mute.js:121:8)
    at Object.exports.clearLine (/Users/simon/.nvm/versions/node/v14.18.1/lib/node_modules/firebase-tools/node_modules/inquirer/lib/utils/readline.js:50:13)
    at ScreenManager.clean (/Users/simon/.nvm/versions/node/v14.18.1/lib/node_modules/firebase-tools/node_modules/inquirer/lib/utils/screen-manager.js:131:10)
    at ScreenManager.render (/Users/simon/.nvm/versions/node/v14.18.1/lib/node_modules/firebase-tools/node_modules/inquirer/lib/utils/screen-manager.js:58:10)
    at InputPrompt.render (/Users/simon/.nvm/versions/node/v14.18.1/lib/node_modules/firebase-tools/node_modules/inquirer/lib/prompts/input.js:67:17)
    at InputPrompt.onKeypress (/Users/simon/.nvm/versions/node/v14.18.1/lib/node_modules/firebase-tools/node_modules/inquirer/lib/prompts/input.js:106:10)
    at Object.next (/Users/simon/.nvm/versions/node/v14.18.1/lib/node_modules/firebase-tools/node_modules/rxjs/dist/cjs/internal/Observable.js:54:25)
[error] 
[error] Error: An unexpected error has occurred.
